{"total": {"lines":{"total":18164,"covered":2680,"skipped":0,"pct":14.75},"statements":{"total":18164,"covered":2680,"skipped":0,"pct":14.75},"functions":{"total":182,"covered":87,"skipped":0,"pct":47.8},"branches":{"total":306,"covered":215,"skipped":0,"pct":70.26},"branchesTrue":{"total":0,"covered":0,"skipped":0,"pct":100}}
,"C:\\Users\\brand\\Development\\Project_Workspace\\active-development\\colombia_puzzle_game\\src\\App.tsx": {"lines":{"total":54,"covered":0,"skipped":0,"pct":0},"functions":{"total":1,"covered":0,"skipped":0,"pct":0},"statements":{"total":54,"covered":0,"skipped":0,"pct":0},"branches":{"total":1,"covered":0,"skipped":0,"pct":0}}
,"C:\\Users\\brand\\Development\\Project_Workspace\\active-development\\colombia_puzzle_game\\src\\main.tsx": {"lines":{"total":45,"covered":0,"skipped":0,"pct":0},"functions":{"total":1,"covered":0,"skipped":0,"pct":0},"statements":{"total":45,"covered":0,"skipped":0,"pct":0},"branches":{"total":1,"covered":0,"skipped":0,"pct":0}}
,"C:\\Users\\brand\\Development\\Project_Workspace\\active-development\\colombia_puzzle_game\\src\\components\\AccessibilitySettings.tsx": {"lines":{"total":198,"covered":0,"skipped":0,"pct":0},"functions":{"total":1,"covered":0,"skipped":0,"pct":0},"statements":{"total":198,"covered":0,"skipped":0,"pct":0},"branches":{"total":1,"covered":0,"skipped":0,"pct":0}}
,"C:\\Users\\brand\\Development\\Project_Workspace\\active-development\\colombia_puzzle_game\\src\\components\\BottomSheet.tsx": {"lines":{"total":211,"covered":0,"skipped":0,"pct":0},"functions":{"total":1,"covered":0,"skipped":0,"pct":0},"statements":{"total":211,"covered":0,"skipped":0,"pct":0},"branches":{"total":1,"covered":0,"skipped":0,"pct":0}}
,"C:\\Users\\brand\\Development\\Project_Workspace\\active-development\\colombia_puzzle_game\\src\\components\\ComponentErrorBoundary.tsx": {"lines":{"total":98,"covered":0,"skipped":0,"pct":0},"functions":{"total":1,"covered":0,"skipped":0,"pct":0},"statements":{"total":98,"covered":0,"skipped":0,"pct":0},"branches":{"total":1,"covered":0,"skipped":0,"pct":0}}
,"C:\\Users\\brand\\Development\\Project_Workspace\\active-development\\colombia_puzzle_game\\src\\components\\DepartmentTray.tsx": {"lines":{"total":439,"covered":0,"skipped":0,"pct":0},"functions":{"total":1,"covered":0,"skipped":0,"pct":0},"statements":{"total":439,"covered":0,"skipped":0,"pct":0},"branches":{"total":1,"covered":0,"skipped":0,"pct":0}}
,"C:\\Users\\brand\\Development\\Project_Workspace\\active-development\\colombia_puzzle_game\\src\\components\\DragOverlay.tsx": {"lines":{"total":33,"covered":0,"skipped":0,"pct":0},"functions":{"total":1,"covered":0,"skipped":0,"pct":0},"statements":{"total":33,"covered":0,"skipped":0,"pct":0},"branches":{"total":1,"covered":0,"skipped":0,"pct":0}}
,"C:\\Users\\brand\\Development\\Project_Workspace\\active-development\\colombia_puzzle_game\\src\\components\\EducationalPanel.tsx": {"lines":{"total":141,"covered":0,"skipped":0,"pct":0},"functions":{"total":1,"covered":0,"skipped":0,"pct":0},"statements":{"total":141,"covered":0,"skipped":0,"pct":0},"branches":{"total":1,"covered":0,"skipped":0,"pct":0}}
,"C:\\Users\\brand\\Development\\Project_Workspace\\active-development\\colombia_puzzle_game\\src\\components\\ErrorBoundary.tsx": {"lines":{"total":77,"covered":0,"skipped":0,"pct":0},"functions":{"total":1,"covered":0,"skipped":0,"pct":0},"statements":{"total":77,"covered":0,"skipped":0,"pct":0},"branches":{"total":1,"covered":0,"skipped":0,"pct":0}}
,"C:\\Users\\brand\\Development\\Project_Workspace\\active-development\\colombia_puzzle_game\\src\\components\\GameContainer.tsx": {"lines":{"total":375,"covered":0,"skipped":0,"pct":0},"functions":{"total":1,"covered":0,"skipped":0,"pct":0},"statements":{"total":375,"covered":0,"skipped":0,"pct":0},"branches":{"total":1,"covered":0,"skipped":0,"pct":0}}
,"C:\\Users\\brand\\Development\\Project_Workspace\\active-development\\colombia_puzzle_game\\src\\components\\GameHeader.tsx": {"lines":{"total":201,"covered":0,"skipped":0,"pct":0},"functions":{"total":1,"covered":0,"skipped":0,"pct":0},"statements":{"total":201,"covered":0,"skipped":0,"pct":0},"branches":{"total":1,"covered":0,"skipped":0,"pct":0}}
,"C:\\Users\\brand\\Development\\Project_Workspace\\active-development\\colombia_puzzle_game\\src\\components\\GameLogicErrorBoundary.tsx": {"lines":{"total":208,"covered":0,"skipped":0,"pct":0},"functions":{"total":1,"covered":0,"skipped":0,"pct":0},"statements":{"total":208,"covered":0,"skipped":0,"pct":0},"branches":{"total":1,"covered":0,"skipped":0,"pct":0}}
,"C:\\Users\\brand\\Development\\Project_Workspace\\active-development\\colombia_puzzle_game\\src\\components\\GameModeSelector.tsx": {"lines":{"total":254,"covered":0,"skipped":0,"pct":0},"functions":{"total":1,"covered":0,"skipped":0,"pct":0},"statements":{"total":254,"covered":0,"skipped":0,"pct":0},"branches":{"total":1,"covered":0,"skipped":0,"pct":0}}
,"C:\\Users\\brand\\Development\\Project_Workspace\\active-development\\colombia_puzzle_game\\src\\components\\HintModal.tsx": {"lines":{"total":676,"covered":0,"skipped":0,"pct":0},"functions":{"total":1,"covered":0,"skipped":0,"pct":0},"statements":{"total":676,"covered":0,"skipped":0,"pct":0},"branches":{"total":1,"covered":0,"skipped":0,"pct":0}}
,"C:\\Users\\brand\\Development\\Project_Workspace\\active-development\\colombia_puzzle_game\\src\\components\\HintsPanel.tsx": {"lines":{"total":119,"covered":0,"skipped":0,"pct":0},"functions":{"total":1,"covered":0,"skipped":0,"pct":0},"statements":{"total":119,"covered":0,"skipped":0,"pct":0},"branches":{"total":1,"covered":0,"skipped":0,"pct":0}}
,"C:\\Users\\brand\\Development\\Project_Workspace\\active-development\\colombia_puzzle_game\\src\\components\\InstallPrompt.tsx": {"lines":{"total":134,"covered":0,"skipped":0,"pct":0},"functions":{"total":1,"covered":0,"skipped":0,"pct":0},"statements":{"total":134,"covered":0,"skipped":0,"pct":0},"branches":{"total":1,"covered":0,"skipped":0,"pct":0}}
,"C:\\Users\\brand\\Development\\Project_Workspace\\active-development\\colombia_puzzle_game\\src\\components\\InteractiveTutorial.tsx": {"lines":{"total":404,"covered":0,"skipped":0,"pct":0},"functions":{"total":1,"covered":0,"skipped":0,"pct":0},"statements":{"total":404,"covered":0,"skipped":0,"pct":0},"branches":{"total":1,"covered":0,"skipped":0,"pct":0}}
,"C:\\Users\\brand\\Development\\Project_Workspace\\active-development\\colombia_puzzle_game\\src\\components\\KeyboardCursor.tsx": {"lines":{"total":138,"covered":0,"skipped":0,"pct":0},"functions":{"total":1,"covered":1,"skipped":0,"pct":100},"statements":{"total":138,"covered":0,"skipped":0,"pct":0},"branches":{"total":1,"covered":1,"skipped":0,"pct":100}}
,"C:\\Users\\brand\\Development\\Project_Workspace\\active-development\\colombia_puzzle_game\\src\\components\\KeyboardHelp.tsx": {"lines":{"total":138,"covered":0,"skipped":0,"pct":0},"functions":{"total":1,"covered":0,"skipped":0,"pct":0},"statements":{"total":138,"covered":0,"skipped":0,"pct":0},"branches":{"total":1,"covered":0,"skipped":0,"pct":0}}
,"C:\\Users\\brand\\Development\\Project_Workspace\\active-development\\colombia_puzzle_game\\src\\components\\KeyboardVisualFeedback.tsx": {"lines":{"total":171,"covered":0,"skipped":0,"pct":0},"functions":{"total":1,"covered":0,"skipped":0,"pct":0},"statements":{"total":171,"covered":0,"skipped":0,"pct":0},"branches":{"total":1,"covered":0,"skipped":0,"pct":0}}
,"C:\\Users\\brand\\Development\\Project_Workspace\\active-development\\colombia_puzzle_game\\src\\components\\MapCanvas.tsx": {"lines":{"total":8,"covered":0,"skipped":0,"pct":0},"functions":{"total":1,"covered":0,"skipped":0,"pct":0},"statements":{"total":8,"covered":0,"skipped":0,"pct":0},"branches":{"total":1,"covered":0,"skipped":0,"pct":0}}
,"C:\\Users\\brand\\Development\\Project_Workspace\\active-development\\colombia_puzzle_game\\src\\components\\MapErrorBoundary.tsx": {"lines":{"total":173,"covered":0,"skipped":0,"pct":0},"functions":{"total":1,"covered":0,"skipped":0,"pct":0},"statements":{"total":173,"covered":0,"skipped":0,"pct":0},"branches":{"total":1,"covered":0,"skipped":0,"pct":0}}
,"C:\\Users\\brand\\Development\\Project_Workspace\\active-development\\colombia_puzzle_game\\src\\components\\MiniDepartmentShape.tsx": {"lines":{"total":112,"covered":0,"skipped":0,"pct":0},"functions":{"total":1,"covered":0,"skipped":0,"pct":0},"statements":{"total":112,"covered":0,"skipped":0,"pct":0},"branches":{"total":1,"covered":0,"skipped":0,"pct":0}}
,"C:\\Users\\brand\\Development\\Project_Workspace\\active-development\\colombia_puzzle_game\\src\\components\\MobileBanner.tsx": {"lines":{"total":85,"covered":0,"skipped":0,"pct":0},"functions":{"total":1,"covered":0,"skipped":0,"pct":0},"statements":{"total":85,"covered":0,"skipped":0,"pct":0},"branches":{"total":1,"covered":0,"skipped":0,"pct":0}}
,"C:\\Users\\brand\\Development\\Project_Workspace\\active-development\\colombia_puzzle_game\\src\\components\\MobileGameLayout.tsx": {"lines":{"total":127,"covered":0,"skipped":0,"pct":0},"functions":{"total":1,"covered":0,"skipped":0,"pct":0},"statements":{"total":127,"covered":0,"skipped":0,"pct":0},"branches":{"total":1,"covered":0,"skipped":0,"pct":0}}
,"C:\\Users\\brand\\Development\\Project_Workspace\\active-development\\colombia_puzzle_game\\src\\components\\MobileHeader.tsx": {"lines":{"total":107,"covered":0,"skipped":0,"pct":0},"functions":{"total":1,"covered":1,"skipped":0,"pct":100},"statements":{"total":107,"covered":0,"skipped":0,"pct":0},"branches":{"total":1,"covered":1,"skipped":0,"pct":100}}
,"C:\\Users\\brand\\Development\\Project_Workspace\\active-development\\colombia_puzzle_game\\src\\components\\ModeTransition.tsx": {"lines":{"total":164,"covered":0,"skipped":0,"pct":0},"functions":{"total":1,"covered":0,"skipped":0,"pct":0},"statements":{"total":164,"covered":0,"skipped":0,"pct":0},"branches":{"total":1,"covered":0,"skipped":0,"pct":0}}
,"C:\\Users\\brand\\Development\\Project_Workspace\\active-development\\colombia_puzzle_game\\src\\components\\ModernGameHeader.tsx": {"lines":{"total":201,"covered":0,"skipped":0,"pct":0},"functions":{"total":1,"covered":0,"skipped":0,"pct":0},"statements":{"total":201,"covered":0,"skipped":0,"pct":0},"branches":{"total":1,"covered":0,"skipped":0,"pct":0}}
,"C:\\Users\\brand\\Development\\Project_Workspace\\active-development\\colombia_puzzle_game\\src\\components\\NextChallengeRecommender.tsx": {"lines":{"total":132,"covered":0,"skipped":0,"pct":0},"functions":{"total":1,"covered":0,"skipped":0,"pct":0},"statements":{"total":132,"covered":0,"skipped":0,"pct":0},"branches":{"total":1,"covered":0,"skipped":0,"pct":0}}
,"C:\\Users\\brand\\Development\\Project_Workspace\\active-development\\colombia_puzzle_game\\src\\components\\OfflineIndicator.tsx": {"lines":{"total":46,"covered":0,"skipped":0,"pct":0},"functions":{"total":1,"covered":0,"skipped":0,"pct":0},"statements":{"total":46,"covered":0,"skipped":0,"pct":0},"branches":{"total":1,"covered":0,"skipped":0,"pct":0}}
,"C:\\Users\\brand\\Development\\Project_Workspace\\active-development\\colombia_puzzle_game\\src\\components\\OptimizedColombiaMap.tsx": {"lines":{"total":424,"covered":0,"skipped":0,"pct":0},"functions":{"total":1,"covered":0,"skipped":0,"pct":0},"statements":{"total":424,"covered":0,"skipped":0,"pct":0},"branches":{"total":1,"covered":0,"skipped":0,"pct":0}}
,"C:\\Users\\brand\\Development\\Project_Workspace\\active-development\\colombia_puzzle_game\\src\\components\\PlacementFeedback.tsx": {"lines":{"total":52,"covered":0,"skipped":0,"pct":0},"functions":{"total":1,"covered":0,"skipped":0,"pct":0},"statements":{"total":52,"covered":0,"skipped":0,"pct":0},"branches":{"total":1,"covered":0,"skipped":0,"pct":0}}
,"C:\\Users\\brand\\Development\\Project_Workspace\\active-development\\colombia_puzzle_game\\src\\components\\PostGameReport.tsx": {"lines":{"total":258,"covered":0,"skipped":0,"pct":0},"functions":{"total":1,"covered":0,"skipped":0,"pct":0},"statements":{"total":258,"covered":0,"skipped":0,"pct":0},"branches":{"total":1,"covered":0,"skipped":0,"pct":0}}
,"C:\\Users\\brand\\Development\\Project_Workspace\\active-development\\colombia_puzzle_game\\src\\components\\ScreenReaderAnnouncements.tsx": {"lines":{"total":89,"covered":0,"skipped":0,"pct":0},"functions":{"total":1,"covered":0,"skipped":0,"pct":0},"statements":{"total":89,"covered":0,"skipped":0,"pct":0},"branches":{"total":1,"covered":0,"skipped":0,"pct":0}}
,"C:\\Users\\brand\\Development\\Project_Workspace\\active-development\\colombia_puzzle_game\\src\\components\\ScrollIndicator.tsx": {"lines":{"total":68,"covered":0,"skipped":0,"pct":0},"functions":{"total":1,"covered":0,"skipped":0,"pct":0},"statements":{"total":68,"covered":0,"skipped":0,"pct":0},"branches":{"total":1,"covered":0,"skipped":0,"pct":0}}
,"C:\\Users\\brand\\Development\\Project_Workspace\\active-development\\colombia_puzzle_game\\src\\components\\StudyMode.tsx": {"lines":{"total":545,"covered":527,"skipped":0,"pct":96.69},"functions":{"total":11,"covered":10,"skipped":0,"pct":90.9},"statements":{"total":545,"covered":527,"skipped":0,"pct":96.69},"branches":{"total":87,"covered":73,"skipped":0,"pct":83.9}}
,"C:\\Users\\brand\\Development\\Project_Workspace\\active-development\\colombia_puzzle_game\\src\\components\\StudyModeLoading.tsx": {"lines":{"total":85,"covered":0,"skipped":0,"pct":0},"functions":{"total":1,"covered":0,"skipped":0,"pct":0},"statements":{"total":85,"covered":0,"skipped":0,"pct":0},"branches":{"total":1,"covered":0,"skipped":0,"pct":0}}
,"C:\\Users\\brand\\Development\\Project_Workspace\\active-development\\colombia_puzzle_game\\src\\components\\StudyModeMap.tsx": {"lines":{"total":325,"covered":0,"skipped":0,"pct":0},"functions":{"total":1,"covered":0,"skipped":0,"pct":0},"statements":{"total":325,"covered":0,"skipped":0,"pct":0},"branches":{"total":1,"covered":0,"skipped":0,"pct":0}}
,"C:\\Users\\brand\\Development\\Project_Workspace\\active-development\\colombia_puzzle_game\\src\\components\\TouchFeedback.tsx": {"lines":{"total":118,"covered":44,"skipped":0,"pct":37.28},"functions":{"total":2,"covered":1,"skipped":0,"pct":50},"statements":{"total":118,"covered":44,"skipped":0,"pct":37.28},"branches":{"total":1,"covered":1,"skipped":0,"pct":100}}
,"C:\\Users\\brand\\Development\\Project_Workspace\\active-development\\colombia_puzzle_game\\src\\components\\TouchModeAdapter.tsx": {"lines":{"total":172,"covered":0,"skipped":0,"pct":0},"functions":{"total":1,"covered":1,"skipped":0,"pct":100},"statements":{"total":172,"covered":0,"skipped":0,"pct":0},"branches":{"total":1,"covered":1,"skipped":0,"pct":100}}
,"C:\\Users\\brand\\Development\\Project_Workspace\\active-development\\colombia_puzzle_game\\src\\components\\UpdateNotification.tsx": {"lines":{"total":48,"covered":0,"skipped":0,"pct":0},"functions":{"total":1,"covered":0,"skipped":0,"pct":0},"statements":{"total":48,"covered":0,"skipped":0,"pct":0},"branches":{"total":1,"covered":0,"skipped":0,"pct":0}}
,"C:\\Users\\brand\\Development\\Project_Workspace\\active-development\\colombia_puzzle_game\\src\\components\\auth\\AuthButton.tsx": {"lines":{"total":81,"covered":0,"skipped":0,"pct":0},"functions":{"total":1,"covered":0,"skipped":0,"pct":0},"statements":{"total":81,"covered":0,"skipped":0,"pct":0},"branches":{"total":1,"covered":0,"skipped":0,"pct":0}}
,"C:\\Users\\brand\\Development\\Project_Workspace\\active-development\\colombia_puzzle_game\\src\\components\\auth\\AuthModal.tsx": {"lines":{"total":85,"covered":0,"skipped":0,"pct":0},"functions":{"total":1,"covered":0,"skipped":0,"pct":0},"statements":{"total":85,"covered":0,"skipped":0,"pct":0},"branches":{"total":1,"covered":0,"skipped":0,"pct":0}}
,"C:\\Users\\brand\\Development\\Project_Workspace\\active-development\\colombia_puzzle_game\\src\\components\\auth\\LoginForm.tsx": {"lines":{"total":240,"covered":0,"skipped":0,"pct":0},"functions":{"total":1,"covered":0,"skipped":0,"pct":0},"statements":{"total":240,"covered":0,"skipped":0,"pct":0},"branches":{"total":1,"covered":0,"skipped":0,"pct":0}}
,"C:\\Users\\brand\\Development\\Project_Workspace\\active-development\\colombia_puzzle_game\\src\\components\\auth\\ProtectedRoute.tsx": {"lines":{"total":30,"covered":0,"skipped":0,"pct":0},"functions":{"total":1,"covered":0,"skipped":0,"pct":0},"statements":{"total":30,"covered":0,"skipped":0,"pct":0},"branches":{"total":1,"covered":0,"skipped":0,"pct":0}}
,"C:\\Users\\brand\\Development\\Project_Workspace\\active-development\\colombia_puzzle_game\\src\\components\\auth\\SignupForm.tsx": {"lines":{"total":257,"covered":0,"skipped":0,"pct":0},"functions":{"total":1,"covered":0,"skipped":0,"pct":0},"statements":{"total":257,"covered":0,"skipped":0,"pct":0},"branches":{"total":1,"covered":0,"skipped":0,"pct":0}}
,"C:\\Users\\brand\\Development\\Project_Workspace\\active-development\\colombia_puzzle_game\\src\\components\\auth\\UserProfile.tsx": {"lines":{"total":211,"covered":0,"skipped":0,"pct":0},"functions":{"total":1,"covered":0,"skipped":0,"pct":0},"statements":{"total":211,"covered":0,"skipped":0,"pct":0},"branches":{"total":1,"covered":0,"skipped":0,"pct":0}}
,"C:\\Users\\brand\\Development\\Project_Workspace\\active-development\\colombia_puzzle_game\\src\\components\\auth\\index.ts": {"lines":{"total":6,"covered":0,"skipped":0,"pct":0},"functions":{"total":1,"covered":1,"skipped":0,"pct":100},"statements":{"total":6,"covered":0,"skipped":0,"pct":0},"branches":{"total":1,"covered":1,"skipped":0,"pct":100}}
,"C:\\Users\\brand\\Development\\Project_Workspace\\active-development\\colombia_puzzle_game\\src\\components\\study\\DepartmentButton.tsx": {"lines":{"total":50,"covered":43,"skipped":0,"pct":86},"functions":{"total":0,"covered":0,"skipped":0,"pct":100},"statements":{"total":50,"covered":43,"skipped":0,"pct":86},"branches":{"total":10,"covered":6,"skipped":0,"pct":60}}
,"C:\\Users\\brand\\Development\\Project_Workspace\\active-development\\colombia_puzzle_game\\src\\components\\study\\DepartmentCard.tsx": {"lines":{"total":80,"covered":80,"skipped":0,"pct":100},"functions":{"total":0,"covered":0,"skipped":0,"pct":100},"statements":{"total":80,"covered":80,"skipped":0,"pct":100},"branches":{"total":8,"covered":7,"skipped":0,"pct":87.5}}
,"C:\\Users\\brand\\Development\\Project_Workspace\\active-development\\colombia_puzzle_game\\src\\components\\study\\RegionButton.tsx": {"lines":{"total":17,"covered":17,"skipped":0,"pct":100},"functions":{"total":0,"covered":0,"skipped":0,"pct":100},"statements":{"total":17,"covered":17,"skipped":0,"pct":100},"branches":{"total":3,"covered":3,"skipped":0,"pct":100}}
,"C:\\Users\\brand\\Development\\Project_Workspace\\active-development\\colombia_puzzle_game\\src\\components\\study\\index.ts": {"lines":{"total":4,"covered":4,"skipped":0,"pct":100},"functions":{"total":0,"covered":0,"skipped":0,"pct":100},"statements":{"total":4,"covered":4,"skipped":0,"pct":100},"branches":{"total":0,"covered":0,"skipped":0,"pct":100}}
,"C:\\Users\\brand\\Development\\Project_Workspace\\active-development\\colombia_puzzle_game\\src\\components\\study\\studyUtils.ts": {"lines":{"total":40,"covered":32,"skipped":0,"pct":80},"functions":{"total":1,"covered":1,"skipped":0,"pct":100},"statements":{"total":40,"covered":32,"skipped":0,"pct":80},"branches":{"total":10,"covered":7,"skipped":0,"pct":70}}
,"C:\\Users\\brand\\Development\\Project_Workspace\\active-development\\colombia_puzzle_game\\src\\constants\\accessibleColors.ts": {"lines":{"total":220,"covered":0,"skipped":0,"pct":0},"functions":{"total":1,"covered":1,"skipped":0,"pct":100},"statements":{"total":220,"covered":0,"skipped":0,"pct":0},"branches":{"total":1,"covered":1,"skipped":0,"pct":100}}
,"C:\\Users\\brand\\Development\\Project_Workspace\\active-development\\colombia_puzzle_game\\src\\constants\\accessibleColorsFixed.ts": {"lines":{"total":219,"covered":0,"skipped":0,"pct":0},"functions":{"total":1,"covered":1,"skipped":0,"pct":100},"statements":{"total":219,"covered":0,"skipped":0,"pct":0},"branches":{"total":1,"covered":1,"skipped":0,"pct":100}}
,"C:\\Users\\brand\\Development\\Project_Workspace\\active-development\\colombia_puzzle_game\\src\\constants\\designSystem.ts": {"lines":{"total":238,"covered":0,"skipped":0,"pct":0},"functions":{"total":1,"covered":1,"skipped":0,"pct":100},"statements":{"total":238,"covered":0,"skipped":0,"pct":0},"branches":{"total":1,"covered":1,"skipped":0,"pct":100}}
,"C:\\Users\\brand\\Development\\Project_Workspace\\active-development\\colombia_puzzle_game\\src\\constants\\gameConfig.ts": {"lines":{"total":130,"covered":0,"skipped":0,"pct":0},"functions":{"total":1,"covered":1,"skipped":0,"pct":100},"statements":{"total":130,"covered":0,"skipped":0,"pct":0},"branches":{"total":1,"covered":1,"skipped":0,"pct":100}}
,"C:\\Users\\brand\\Development\\Project_Workspace\\active-development\\colombia_puzzle_game\\src\\constants\\gameConstants.ts": {"lines":{"total":75,"covered":0,"skipped":0,"pct":0},"functions":{"total":1,"covered":1,"skipped":0,"pct":100},"statements":{"total":75,"covered":0,"skipped":0,"pct":0},"branches":{"total":1,"covered":1,"skipped":0,"pct":100}}
,"C:\\Users\\brand\\Development\\Project_Workspace\\active-development\\colombia_puzzle_game\\src\\constants\\mobileConstants.ts": {"lines":{"total":156,"covered":0,"skipped":0,"pct":0},"functions":{"total":1,"covered":1,"skipped":0,"pct":100},"statements":{"total":156,"covered":0,"skipped":0,"pct":0},"branches":{"total":1,"covered":1,"skipped":0,"pct":100}}
,"C:\\Users\\brand\\Development\\Project_Workspace\\active-development\\colombia_puzzle_game\\src\\constants\\modernAccessibleColors.ts": {"lines":{"total":247,"covered":0,"skipped":0,"pct":0},"functions":{"total":1,"covered":1,"skipped":0,"pct":100},"statements":{"total":247,"covered":0,"skipped":0,"pct":0},"branches":{"total":1,"covered":1,"skipped":0,"pct":100}}
,"C:\\Users\\brand\\Development\\Project_Workspace\\active-development\\colombia_puzzle_game\\src\\constants\\regionColors.ts": {"lines":{"total":80,"covered":0,"skipped":0,"pct":0},"functions":{"total":1,"covered":1,"skipped":0,"pct":100},"statements":{"total":80,"covered":0,"skipped":0,"pct":0},"branches":{"total":1,"covered":1,"skipped":0,"pct":100}}
,"C:\\Users\\brand\\Development\\Project_Workspace\\active-development\\colombia_puzzle_game\\src\\constants\\responsive.ts": {"lines":{"total":101,"covered":0,"skipped":0,"pct":0},"functions":{"total":1,"covered":1,"skipped":0,"pct":100},"statements":{"total":101,"covered":0,"skipped":0,"pct":0},"branches":{"total":1,"covered":1,"skipped":0,"pct":100}}
,"C:\\Users\\brand\\Development\\Project_Workspace\\active-development\\colombia_puzzle_game\\src\\context\\AccessibilityContext.tsx": {"lines":{"total":50,"covered":0,"skipped":0,"pct":0},"functions":{"total":1,"covered":0,"skipped":0,"pct":0},"statements":{"total":50,"covered":0,"skipped":0,"pct":0},"branches":{"total":1,"covered":0,"skipped":0,"pct":0}}
,"C:\\Users\\brand\\Development\\Project_Workspace\\active-development\\colombia_puzzle_game\\src\\context\\AuthContext.tsx": {"lines":{"total":109,"covered":0,"skipped":0,"pct":0},"functions":{"total":1,"covered":1,"skipped":0,"pct":100},"statements":{"total":109,"covered":0,"skipped":0,"pct":0},"branches":{"total":1,"covered":1,"skipped":0,"pct":100}}
,"C:\\Users\\brand\\Development\\Project_Workspace\\active-development\\colombia_puzzle_game\\src\\context\\GameContext.tsx": {"lines":{"total":239,"covered":83,"skipped":0,"pct":34.72},"functions":{"total":35,"covered":3,"skipped":0,"pct":8.57},"statements":{"total":239,"covered":83,"skipped":0,"pct":34.72},"branches":{"total":7,"covered":4,"skipped":0,"pct":57.14}}
,"C:\\Users\\brand\\Development\\Project_Workspace\\active-development\\colombia_puzzle_game\\src\\data\\colombiaDepartments.ts": {"lines":{"total":332,"covered":332,"skipped":0,"pct":100},"functions":{"total":0,"covered":0,"skipped":0,"pct":100},"statements":{"total":332,"covered":332,"skipped":0,"pct":100},"branches":{"total":0,"covered":0,"skipped":0,"pct":100}}
,"C:\\Users\\brand\\Development\\Project_Workspace\\active-development\\colombia_puzzle_game\\src\\data\\departmentEducation.ts": {"lines":{"total":545,"covered":0,"skipped":0,"pct":0},"functions":{"total":1,"covered":1,"skipped":0,"pct":100},"statements":{"total":545,"covered":0,"skipped":0,"pct":0},"branches":{"total":1,"covered":1,"skipped":0,"pct":100}}
,"C:\\Users\\brand\\Development\\Project_Workspace\\active-development\\colombia_puzzle_game\\src\\data\\memoryAids.ts": {"lines":{"total":251,"covered":0,"skipped":0,"pct":0},"functions":{"total":1,"covered":1,"skipped":0,"pct":100},"statements":{"total":251,"covered":0,"skipped":0,"pct":0},"branches":{"total":1,"covered":1,"skipped":0,"pct":100}}
,"C:\\Users\\brand\\Development\\Project_Workspace\\active-development\\colombia_puzzle_game\\src\\data\\regionalContent.ts": {"lines":{"total":799,"covered":0,"skipped":0,"pct":0},"functions":{"total":1,"covered":1,"skipped":0,"pct":100},"statements":{"total":799,"covered":0,"skipped":0,"pct":0},"branches":{"total":1,"covered":1,"skipped":0,"pct":100}}
,"C:\\Users\\brand\\Development\\Project_Workspace\\active-development\\colombia_puzzle_game\\src\\data\\regionalNarratives.ts": {"lines":{"total":164,"covered":0,"skipped":0,"pct":0},"functions":{"total":1,"covered":1,"skipped":0,"pct":100},"statements":{"total":164,"covered":0,"skipped":0,"pct":0},"branches":{"total":1,"covered":1,"skipped":0,"pct":100}}
,"C:\\Users\\brand\\Development\\Project_Workspace\\active-development\\colombia_puzzle_game\\src\\design-system\\index.ts": {"lines":{"total":4,"covered":4,"skipped":0,"pct":100},"functions":{"total":0,"covered":0,"skipped":0,"pct":100},"statements":{"total":4,"covered":4,"skipped":0,"pct":100},"branches":{"total":0,"covered":0,"skipped":0,"pct":100}}
,"C:\\Users\\brand\\Development\\Project_Workspace\\active-development\\colombia_puzzle_game\\src\\design-system\\components\\Badge.tsx": {"lines":{"total":33,"covered":33,"skipped":0,"pct":100},"functions":{"total":0,"covered":0,"skipped":0,"pct":100},"statements":{"total":33,"covered":33,"skipped":0,"pct":100},"branches":{"total":1,"covered":1,"skipped":0,"pct":100}}
,"C:\\Users\\brand\\Development\\Project_Workspace\\active-development\\colombia_puzzle_game\\src\\design-system\\components\\Button.tsx": {"lines":{"total":134,"covered":99,"skipped":0,"pct":73.88},"functions":{"total":0,"covered":0,"skipped":0,"pct":100},"statements":{"total":134,"covered":99,"skipped":0,"pct":73.88},"branches":{"total":10,"covered":2,"skipped":0,"pct":20}}
,"C:\\Users\\brand\\Development\\Project_Workspace\\active-development\\colombia_puzzle_game\\src\\design-system\\components\\Card.tsx": {"lines":{"total":88,"covered":82,"skipped":0,"pct":93.18},"functions":{"total":0,"covered":0,"skipped":0,"pct":100},"statements":{"total":88,"covered":82,"skipped":0,"pct":93.18},"branches":{"total":6,"covered":6,"skipped":0,"pct":100}}
,"C:\\Users\\brand\\Development\\Project_Workspace\\active-development\\colombia_puzzle_game\\src\\design-system\\components\\Input.tsx": {"lines":{"total":46,"covered":6,"skipped":0,"pct":13.04},"functions":{"total":0,"covered":0,"skipped":0,"pct":100},"statements":{"total":46,"covered":6,"skipped":0,"pct":13.04},"branches":{"total":0,"covered":0,"skipped":0,"pct":100}}
,"C:\\Users\\brand\\Development\\Project_Workspace\\active-development\\colombia_puzzle_game\\src\\design-system\\components\\Modal.tsx": {"lines":{"total":91,"covered":15,"skipped":0,"pct":16.48},"functions":{"total":0,"covered":0,"skipped":0,"pct":100},"statements":{"total":91,"covered":15,"skipped":0,"pct":16.48},"branches":{"total":0,"covered":0,"skipped":0,"pct":100}}
,"C:\\Users\\brand\\Development\\Project_Workspace\\active-development\\colombia_puzzle_game\\src\\design-system\\components\\Progress.tsx": {"lines":{"total":54,"covered":17,"skipped":0,"pct":31.48},"functions":{"total":0,"covered":0,"skipped":0,"pct":100},"statements":{"total":54,"covered":17,"skipped":0,"pct":31.48},"branches":{"total":0,"covered":0,"skipped":0,"pct":100}}
,"C:\\Users\\brand\\Development\\Project_Workspace\\active-development\\colombia_puzzle_game\\src\\design-system\\components\\index.ts": {"lines":{"total":6,"covered":6,"skipped":0,"pct":100},"functions":{"total":0,"covered":0,"skipped":0,"pct":100},"statements":{"total":6,"covered":6,"skipped":0,"pct":100},"branches":{"total":0,"covered":0,"skipped":0,"pct":100}}
,"C:\\Users\\brand\\Development\\Project_Workspace\\active-development\\colombia_puzzle_game\\src\\design-system\\themes\\accessibility.ts": {"lines":{"total":37,"covered":37,"skipped":0,"pct":100},"functions":{"total":0,"covered":0,"skipped":0,"pct":100},"statements":{"total":37,"covered":37,"skipped":0,"pct":100},"branches":{"total":0,"covered":0,"skipped":0,"pct":100}}
,"C:\\Users\\brand\\Development\\Project_Workspace\\active-development\\colombia_puzzle_game\\src\\design-system\\themes\\index.ts": {"lines":{"total":2,"covered":2,"skipped":0,"pct":100},"functions":{"total":0,"covered":0,"skipped":0,"pct":100},"statements":{"total":2,"covered":2,"skipped":0,"pct":100},"branches":{"total":0,"covered":0,"skipped":0,"pct":100}}
,"C:\\Users\\brand\\Development\\Project_Workspace\\active-development\\colombia_puzzle_game\\src\\design-system\\themes\\regions.ts": {"lines":{"total":253,"covered":245,"skipped":0,"pct":96.83},"functions":{"total":4,"covered":3,"skipped":0,"pct":75},"statements":{"total":253,"covered":245,"skipped":0,"pct":96.83},"branches":{"total":9,"covered":8,"skipped":0,"pct":88.88}}
,"C:\\Users\\brand\\Development\\Project_Workspace\\active-development\\colombia_puzzle_game\\src\\design-system\\tokens\\animations.ts": {"lines":{"total":217,"covered":217,"skipped":0,"pct":100},"functions":{"total":0,"covered":0,"skipped":0,"pct":100},"statements":{"total":217,"covered":217,"skipped":0,"pct":100},"branches":{"total":0,"covered":0,"skipped":0,"pct":100}}
,"C:\\Users\\brand\\Development\\Project_Workspace\\active-development\\colombia_puzzle_game\\src\\design-system\\tokens\\colors.ts": {"lines":{"total":108,"covered":108,"skipped":0,"pct":100},"functions":{"total":0,"covered":0,"skipped":0,"pct":100},"statements":{"total":108,"covered":108,"skipped":0,"pct":100},"branches":{"total":0,"covered":0,"skipped":0,"pct":100}}
,"C:\\Users\\brand\\Development\\Project_Workspace\\active-development\\colombia_puzzle_game\\src\\design-system\\tokens\\index.ts": {"lines":{"total":6,"covered":6,"skipped":0,"pct":100},"functions":{"total":0,"covered":0,"skipped":0,"pct":100},"statements":{"total":6,"covered":6,"skipped":0,"pct":100},"branches":{"total":0,"covered":0,"skipped":0,"pct":100}}
,"C:\\Users\\brand\\Development\\Project_Workspace\\active-development\\colombia_puzzle_game\\src\\design-system\\tokens\\radius.ts": {"lines":{"total":58,"covered":58,"skipped":0,"pct":100},"functions":{"total":0,"covered":0,"skipped":0,"pct":100},"statements":{"total":58,"covered":58,"skipped":0,"pct":100},"branches":{"total":0,"covered":0,"skipped":0,"pct":100}}
,"C:\\Users\\brand\\Development\\Project_Workspace\\active-development\\colombia_puzzle_game\\src\\design-system\\tokens\\shadows.ts": {"lines":{"total":60,"covered":60,"skipped":0,"pct":100},"functions":{"total":0,"covered":0,"skipped":0,"pct":100},"statements":{"total":60,"covered":60,"skipped":0,"pct":100},"branches":{"total":0,"covered":0,"skipped":0,"pct":100}}
,"C:\\Users\\brand\\Development\\Project_Workspace\\active-development\\colombia_puzzle_game\\src\\design-system\\tokens\\spacing.ts": {"lines":{"total":83,"covered":83,"skipped":0,"pct":100},"functions":{"total":0,"covered":0,"skipped":0,"pct":100},"statements":{"total":83,"covered":83,"skipped":0,"pct":100},"branches":{"total":0,"covered":0,"skipped":0,"pct":100}}
,"C:\\Users\\brand\\Development\\Project_Workspace\\active-development\\colombia_puzzle_game\\src\\design-system\\tokens\\typography.ts": {"lines":{"total":149,"covered":149,"skipped":0,"pct":100},"functions":{"total":0,"covered":0,"skipped":0,"pct":100},"statements":{"total":149,"covered":149,"skipped":0,"pct":100},"branches":{"total":0,"covered":0,"skipped":0,"pct":100}}
,"C:\\Users\\brand\\Development\\Project_Workspace\\active-development\\colombia_puzzle_game\\src\\design-system\\utils\\cn.ts": {"lines":{"total":7,"covered":7,"skipped":0,"pct":100},"functions":{"total":2,"covered":2,"skipped":0,"pct":100},"statements":{"total":7,"covered":7,"skipped":0,"pct":100},"branches":{"total":2,"covered":2,"skipped":0,"pct":100}}
,"C:\\Users\\brand\\Development\\Project_Workspace\\active-development\\colombia_puzzle_game\\src\\hooks\\useAuth.ts": {"lines":{"total":9,"covered":0,"skipped":0,"pct":0},"functions":{"total":1,"covered":1,"skipped":0,"pct":100},"statements":{"total":9,"covered":0,"skipped":0,"pct":0},"branches":{"total":1,"covered":1,"skipped":0,"pct":100}}
,"C:\\Users\\brand\\Development\\Project_Workspace\\active-development\\colombia_puzzle_game\\src\\hooks\\useDragHandlers.ts": {"lines":{"total":110,"covered":0,"skipped":0,"pct":0},"functions":{"total":1,"covered":1,"skipped":0,"pct":100},"statements":{"total":110,"covered":0,"skipped":0,"pct":0},"branches":{"total":1,"covered":1,"skipped":0,"pct":100}}
,"C:\\Users\\brand\\Development\\Project_Workspace\\active-development\\colombia_puzzle_game\\src\\hooks\\useEnhancedKeyboardNavigation.ts": {"lines":{"total":268,"covered":0,"skipped":0,"pct":0},"functions":{"total":1,"covered":0,"skipped":0,"pct":0},"statements":{"total":268,"covered":0,"skipped":0,"pct":0},"branches":{"total":1,"covered":0,"skipped":0,"pct":0}}
,"C:\\Users\\brand\\Development\\Project_Workspace\\active-development\\colombia_puzzle_game\\src\\hooks\\useGameTimer.ts": {"lines":{"total":87,"covered":0,"skipped":0,"pct":0},"functions":{"total":1,"covered":0,"skipped":0,"pct":0},"statements":{"total":87,"covered":0,"skipped":0,"pct":0},"branches":{"total":1,"covered":0,"skipped":0,"pct":0}}
,"C:\\Users\\brand\\Development\\Project_Workspace\\active-development\\colombia_puzzle_game\\src\\hooks\\useKeyboardNavigation.ts": {"lines":{"total":218,"covered":0,"skipped":0,"pct":0},"functions":{"total":1,"covered":0,"skipped":0,"pct":0},"statements":{"total":218,"covered":0,"skipped":0,"pct":0},"branches":{"total":1,"covered":0,"skipped":0,"pct":0}}
,"C:\\Users\\brand\\Development\\Project_Workspace\\active-development\\colombia_puzzle_game\\src\\hooks\\useMediaQuery.ts": {"lines":{"total":59,"covered":0,"skipped":0,"pct":0},"functions":{"total":1,"covered":0,"skipped":0,"pct":0},"statements":{"total":59,"covered":0,"skipped":0,"pct":0},"branches":{"total":1,"covered":0,"skipped":0,"pct":0}}
,"C:\\Users\\brand\\Development\\Project_Workspace\\active-development\\colombia_puzzle_game\\src\\hooks\\useModalManager.ts": {"lines":{"total":36,"covered":0,"skipped":0,"pct":0},"functions":{"total":1,"covered":0,"skipped":0,"pct":0},"statements":{"total":36,"covered":0,"skipped":0,"pct":0},"branches":{"total":1,"covered":0,"skipped":0,"pct":0}}
,"C:\\Users\\brand\\Development\\Project_Workspace\\active-development\\colombia_puzzle_game\\src\\hooks\\useModalOrchestration.ts": {"lines":{"total":33,"covered":0,"skipped":0,"pct":0},"functions":{"total":1,"covered":1,"skipped":0,"pct":100},"statements":{"total":33,"covered":0,"skipped":0,"pct":0},"branches":{"total":1,"covered":1,"skipped":0,"pct":100}}
,"C:\\Users\\brand\\Development\\Project_Workspace\\active-development\\colombia_puzzle_game\\src\\hooks\\usePWA.ts": {"lines":{"total":106,"covered":0,"skipped":0,"pct":0},"functions":{"total":1,"covered":0,"skipped":0,"pct":0},"statements":{"total":106,"covered":0,"skipped":0,"pct":0},"branches":{"total":1,"covered":0,"skipped":0,"pct":0}}
,"C:\\Users\\brand\\Development\\Project_Workspace\\active-development\\colombia_puzzle_game\\src\\hooks\\useProgressiveHints.ts": {"lines":{"total":68,"covered":0,"skipped":0,"pct":0},"functions":{"total":1,"covered":0,"skipped":0,"pct":0},"statements":{"total":68,"covered":0,"skipped":0,"pct":0},"branches":{"total":1,"covered":0,"skipped":0,"pct":0}}
,"C:\\Users\\brand\\Development\\Project_Workspace\\active-development\\colombia_puzzle_game\\src\\hooks\\useStudyMode.ts": {"lines":{"total":246,"covered":0,"skipped":0,"pct":0},"functions":{"total":1,"covered":0,"skipped":0,"pct":0},"statements":{"total":246,"covered":0,"skipped":0,"pct":0},"branches":{"total":1,"covered":0,"skipped":0,"pct":0}}
,"C:\\Users\\brand\\Development\\Project_Workspace\\active-development\\colombia_puzzle_game\\src\\hooks\\useTouchFeedback.ts": {"lines":{"total":168,"covered":68,"skipped":0,"pct":40.47},"functions":{"total":9,"covered":6,"skipped":0,"pct":66.66},"statements":{"total":168,"covered":68,"skipped":0,"pct":40.47},"branches":{"total":14,"covered":10,"skipped":0,"pct":71.42}}
,"C:\\Users\\brand\\Development\\Project_Workspace\\active-development\\colombia_puzzle_game\\src\\hooks\\useTouchGestures.ts": {"lines":{"total":238,"covered":0,"skipped":0,"pct":0},"functions":{"total":1,"covered":1,"skipped":0,"pct":100},"statements":{"total":238,"covered":0,"skipped":0,"pct":0},"branches":{"total":1,"covered":1,"skipped":0,"pct":100}}
,"C:\\Users\\brand\\Development\\Project_Workspace\\active-development\\colombia_puzzle_game\\src\\i18n\\TranslationContext.tsx": {"lines":{"total":168,"covered":0,"skipped":0,"pct":0},"functions":{"total":1,"covered":0,"skipped":0,"pct":0},"statements":{"total":168,"covered":0,"skipped":0,"pct":0},"branches":{"total":1,"covered":0,"skipped":0,"pct":0}}
,"C:\\Users\\brand\\Development\\Project_Workspace\\active-development\\colombia_puzzle_game\\src\\i18n\\cultural.ts": {"lines":{"total":335,"covered":0,"skipped":0,"pct":0},"functions":{"total":1,"covered":1,"skipped":0,"pct":100},"statements":{"total":335,"covered":0,"skipped":0,"pct":0},"branches":{"total":1,"covered":1,"skipped":0,"pct":100}}
,"C:\\Users\\brand\\Development\\Project_Workspace\\active-development\\colombia_puzzle_game\\src\\i18n\\index.ts": {"lines":{"total":4,"covered":0,"skipped":0,"pct":0},"functions":{"total":1,"covered":1,"skipped":0,"pct":100},"statements":{"total":4,"covered":0,"skipped":0,"pct":0},"branches":{"total":1,"covered":1,"skipped":0,"pct":100}}
,"C:\\Users\\brand\\Development\\Project_Workspace\\active-development\\colombia_puzzle_game\\src\\i18n\\translations.ts": {"lines":{"total":337,"covered":0,"skipped":0,"pct":0},"functions":{"total":1,"covered":1,"skipped":0,"pct":100},"statements":{"total":337,"covered":0,"skipped":0,"pct":0},"branches":{"total":1,"covered":1,"skipped":0,"pct":100}}
,"C:\\Users\\brand\\Development\\Project_Workspace\\active-development\\colombia_puzzle_game\\src\\i18n\\types.ts": {"lines":{"total":0,"covered":0,"skipped":0,"pct":0},"functions":{"total":1,"covered":1,"skipped":0,"pct":0},"statements":{"total":0,"covered":0,"skipped":0,"pct":0},"branches":{"total":1,"covered":1,"skipped":0,"pct":0}}
,"C:\\Users\\brand\\Development\\Project_Workspace\\active-development\\colombia_puzzle_game\\src\\lib\\secureStorage.ts": {"lines":{"total":102,"covered":0,"skipped":0,"pct":0},"functions":{"total":1,"covered":1,"skipped":0,"pct":100},"statements":{"total":102,"covered":0,"skipped":0,"pct":0},"branches":{"total":1,"covered":1,"skipped":0,"pct":100}}
,"C:\\Users\\brand\\Development\\Project_Workspace\\active-development\\colombia_puzzle_game\\src\\lib\\supabase.ts": {"lines":{"total":57,"covered":0,"skipped":0,"pct":0},"functions":{"total":1,"covered":1,"skipped":0,"pct":100},"statements":{"total":57,"covered":0,"skipped":0,"pct":0},"branches":{"total":1,"covered":1,"skipped":0,"pct":100}}
,"C:\\Users\\brand\\Development\\Project_Workspace\\active-development\\colombia_puzzle_game\\src\\services\\BaseService.ts": {"lines":{"total":75,"covered":0,"skipped":0,"pct":0},"functions":{"total":1,"covered":1,"skipped":0,"pct":100},"statements":{"total":75,"covered":0,"skipped":0,"pct":0},"branches":{"total":1,"covered":1,"skipped":0,"pct":100}}
,"C:\\Users\\brand\\Development\\Project_Workspace\\active-development\\colombia_puzzle_game\\src\\services\\keyboardManager.ts": {"lines":{"total":86,"covered":57,"skipped":0,"pct":66.27},"functions":{"total":9,"covered":7,"skipped":0,"pct":77.77},"statements":{"total":86,"covered":57,"skipped":0,"pct":66.27},"branches":{"total":8,"covered":8,"skipped":0,"pct":100}}
,"C:\\Users\\brand\\Development\\Project_Workspace\\active-development\\colombia_puzzle_game\\src\\services\\soundManager.ts": {"lines":{"total":220,"covered":0,"skipped":0,"pct":0},"functions":{"total":1,"covered":1,"skipped":0,"pct":100},"statements":{"total":220,"covered":0,"skipped":0,"pct":0},"branches":{"total":1,"covered":1,"skipped":0,"pct":100}}
,"C:\\Users\\brand\\Development\\Project_Workspace\\active-development\\colombia_puzzle_game\\src\\services\\storage.ts": {"lines":{"total":126,"covered":113,"skipped":0,"pct":89.68},"functions":{"total":15,"covered":12,"skipped":0,"pct":80},"statements":{"total":126,"covered":113,"skipped":0,"pct":89.68},"branches":{"total":34,"covered":33,"skipped":0,"pct":97.05}}
,"C:\\Users\\brand\\Development\\Project_Workspace\\active-development\\colombia_puzzle_game\\src\\services\\auth\\AuthService.ts": {"lines":{"total":140,"covered":0,"skipped":0,"pct":0},"functions":{"total":1,"covered":1,"skipped":0,"pct":100},"statements":{"total":140,"covered":0,"skipped":0,"pct":0},"branches":{"total":1,"covered":1,"skipped":0,"pct":100}}
,"C:\\Users\\brand\\Development\\Project_Workspace\\active-development\\colombia_puzzle_game\\src\\services\\base\\BaseService.ts": {"lines":{"total":88,"covered":0,"skipped":0,"pct":0},"functions":{"total":1,"covered":1,"skipped":0,"pct":100},"statements":{"total":88,"covered":0,"skipped":0,"pct":0},"branches":{"total":1,"covered":1,"skipped":0,"pct":100}}
,"C:\\Users\\brand\\Development\\Project_Workspace\\active-development\\colombia_puzzle_game\\src\\services\\game\\GameStatsService.ts": {"lines":{"total":301,"covered":0,"skipped":0,"pct":0},"functions":{"total":1,"covered":1,"skipped":0,"pct":100},"statements":{"total":301,"covered":0,"skipped":0,"pct":0},"branches":{"total":1,"covered":1,"skipped":0,"pct":100}}
,"C:\\Users\\brand\\Development\\Project_Workspace\\active-development\\colombia_puzzle_game\\src\\types\\auth.ts": {"lines":{"total":0,"covered":0,"skipped":0,"pct":0},"functions":{"total":1,"covered":1,"skipped":0,"pct":0},"statements":{"total":0,"covered":0,"skipped":0,"pct":0},"branches":{"total":1,"covered":1,"skipped":0,"pct":0}}
,"C:\\Users\\brand\\Development\\Project_Workspace\\active-development\\colombia_puzzle_game\\src\\types\\errors.ts": {"lines":{"total":43,"covered":0,"skipped":0,"pct":0},"functions":{"total":1,"covered":1,"skipped":0,"pct":100},"statements":{"total":43,"covered":0,"skipped":0,"pct":0},"branches":{"total":1,"covered":1,"skipped":0,"pct":100}}
,"C:\\Users\\brand\\Development\\Project_Workspace\\active-development\\colombia_puzzle_game\\src\\types\\studyMode.ts": {"lines":{"total":14,"covered":0,"skipped":0,"pct":0},"functions":{"total":1,"covered":1,"skipped":0,"pct":100},"statements":{"total":14,"covered":0,"skipped":0,"pct":0},"branches":{"total":1,"covered":1,"skipped":0,"pct":100}}
,"C:\\Users\\brand\\Development\\Project_Workspace\\active-development\\colombia_puzzle_game\\src\\utils\\cacheDebug.ts": {"lines":{"total":89,"covered":0,"skipped":0,"pct":0},"functions":{"total":1,"covered":1,"skipped":0,"pct":100},"statements":{"total":89,"covered":0,"skipped":0,"pct":0},"branches":{"total":1,"covered":1,"skipped":0,"pct":100}}
,"C:\\Users\\brand\\Development\\Project_Workspace\\active-development\\colombia_puzzle_game\\src\\utils\\deviceDetection.ts": {"lines":{"total":102,"covered":0,"skipped":0,"pct":0},"functions":{"total":1,"covered":1,"skipped":0,"pct":100},"statements":{"total":102,"covered":0,"skipped":0,"pct":0},"branches":{"total":1,"covered":1,"skipped":0,"pct":100}}
,"C:\\Users\\brand\\Development\\Project_Workspace\\active-development\\colombia_puzzle_game\\src\\utils\\nameNormalizer.ts": {"lines":{"total":46,"covered":46,"skipped":0,"pct":100},"functions":{"total":1,"covered":1,"skipped":0,"pct":100},"statements":{"total":46,"covered":46,"skipped":0,"pct":100},"branches":{"total":3,"covered":3,"skipped":0,"pct":100}}
,"C:\\Users\\brand\\Development\\Project_Workspace\\active-development\\colombia_puzzle_game\\src\\utils\\supabaseSync.ts": {"lines":{"total":46,"covered":0,"skipped":0,"pct":0},"functions":{"total":1,"covered":1,"skipped":0,"pct":100},"statements":{"total":46,"covered":0,"skipped":0,"pct":0},"branches":{"total":1,"covered":1,"skipped":0,"pct":100}}
,"C:\\Users\\brand\\Development\\Project_Workspace\\active-development\\colombia_puzzle_game\\src\\utils\\touchTargetValidator.ts": {"lines":{"total":136,"covered":0,"skipped":0,"pct":0},"functions":{"total":1,"covered":1,"skipped":0,"pct":100},"statements":{"total":136,"covered":0,"skipped":0,"pct":0},"branches":{"total":1,"covered":1,"skipped":0,"pct":100}}
,"C:\\Users\\brand\\Development\\Project_Workspace\\active-development\\colombia_puzzle_game\\src\\utils\\version.ts": {"lines":{"total":58,"covered":0,"skipped":0,"pct":0},"functions":{"total":1,"covered":1,"skipped":0,"pct":100},"statements":{"total":58,"covered":0,"skipped":0,"pct":0},"branches":{"total":1,"covered":1,"skipped":0,"pct":100}}
}
