{"total": {"lines":{"total":18046,"covered":2125,"skipped":0,"pct":11.77},"statements":{"total":18046,"covered":2125,"skipped":0,"pct":11.77},"functions":{"total":88,"covered":34,"skipped":0,"pct":38.63},"branches":{"total":206,"covered":145,"skipped":0,"pct":70.38},"branchesTrue":{"total":0,"covered":0,"skipped":0,"pct":100}}
,"C:\\Users\\brand\\Development\\Project_Workspace\\active-development\\colombia_puzzle_game\\src\\App.tsx": {"lines":{"total":36,"covered":0,"skipped":0,"pct":0},"functions":{"total":1,"covered":0,"skipped":0,"pct":0},"statements":{"total":36,"covered":0,"skipped":0,"pct":0},"branches":{"total":1,"covered":0,"skipped":0,"pct":0}}
,"C:\\Users\\brand\\Development\\Project_Workspace\\active-development\\colombia_puzzle_game\\src\\main.tsx": {"lines":{"total":12,"covered":0,"skipped":0,"pct":0},"functions":{"total":1,"covered":0,"skipped":0,"pct":0},"statements":{"total":12,"covered":0,"skipped":0,"pct":0},"branches":{"total":1,"covered":0,"skipped":0,"pct":0}}
,"C:\\Users\\brand\\Development\\Project_Workspace\\active-development\\colombia_puzzle_game\\src\\components\\AccessibilitySettings.tsx": {"lines":{"total":235,"covered":0,"skipped":0,"pct":0},"functions":{"total":1,"covered":0,"skipped":0,"pct":0},"statements":{"total":235,"covered":0,"skipped":0,"pct":0},"branches":{"total":1,"covered":0,"skipped":0,"pct":0}}
,"C:\\Users\\brand\\Development\\Project_Workspace\\active-development\\colombia_puzzle_game\\src\\components\\ComponentErrorBoundary.tsx": {"lines":{"total":140,"covered":0,"skipped":0,"pct":0},"functions":{"total":1,"covered":0,"skipped":0,"pct":0},"statements":{"total":140,"covered":0,"skipped":0,"pct":0},"branches":{"total":1,"covered":0,"skipped":0,"pct":0}}
,"C:\\Users\\brand\\Development\\Project_Workspace\\active-development\\colombia_puzzle_game\\src\\components\\DepartmentTray.tsx": {"lines":{"total":468,"covered":0,"skipped":0,"pct":0},"functions":{"total":1,"covered":0,"skipped":0,"pct":0},"statements":{"total":468,"covered":0,"skipped":0,"pct":0},"branches":{"total":1,"covered":0,"skipped":0,"pct":0}}
,"C:\\Users\\brand\\Development\\Project_Workspace\\active-development\\colombia_puzzle_game\\src\\components\\DragOverlay.tsx": {"lines":{"total":51,"covered":0,"skipped":0,"pct":0},"functions":{"total":1,"covered":0,"skipped":0,"pct":0},"statements":{"total":51,"covered":0,"skipped":0,"pct":0},"branches":{"total":1,"covered":0,"skipped":0,"pct":0}}
,"C:\\Users\\brand\\Development\\Project_Workspace\\active-development\\colombia_puzzle_game\\src\\components\\EducationalPanel.tsx": {"lines":{"total":173,"covered":0,"skipped":0,"pct":0},"functions":{"total":1,"covered":0,"skipped":0,"pct":0},"statements":{"total":173,"covered":0,"skipped":0,"pct":0},"branches":{"total":1,"covered":0,"skipped":0,"pct":0}}
,"C:\\Users\\brand\\Development\\Project_Workspace\\active-development\\colombia_puzzle_game\\src\\components\\ErrorBoundary.tsx": {"lines":{"total":102,"covered":102,"skipped":0,"pct":100},"functions":{"total":5,"covered":5,"skipped":0,"pct":100},"statements":{"total":102,"covered":102,"skipped":0,"pct":100},"branches":{"total":7,"covered":7,"skipped":0,"pct":100}}
,"C:\\Users\\brand\\Development\\Project_Workspace\\active-development\\colombia_puzzle_game\\src\\components\\GameContainer.tsx": {"lines":{"total":640,"covered":0,"skipped":0,"pct":0},"functions":{"total":1,"covered":0,"skipped":0,"pct":0},"statements":{"total":640,"covered":0,"skipped":0,"pct":0},"branches":{"total":1,"covered":0,"skipped":0,"pct":0}}
,"C:\\Users\\brand\\Development\\Project_Workspace\\active-development\\colombia_puzzle_game\\src\\components\\GameHeader.tsx": {"lines":{"total":314,"covered":0,"skipped":0,"pct":0},"functions":{"total":1,"covered":0,"skipped":0,"pct":0},"statements":{"total":314,"covered":0,"skipped":0,"pct":0},"branches":{"total":1,"covered":0,"skipped":0,"pct":0}}
,"C:\\Users\\brand\\Development\\Project_Workspace\\active-development\\colombia_puzzle_game\\src\\components\\GameLogicErrorBoundary.tsx": {"lines":{"total":274,"covered":0,"skipped":0,"pct":0},"functions":{"total":1,"covered":0,"skipped":0,"pct":0},"statements":{"total":274,"covered":0,"skipped":0,"pct":0},"branches":{"total":1,"covered":0,"skipped":0,"pct":0}}
,"C:\\Users\\brand\\Development\\Project_Workspace\\active-development\\colombia_puzzle_game\\src\\components\\GameModeSelector.tsx": {"lines":{"total":332,"covered":0,"skipped":0,"pct":0},"functions":{"total":1,"covered":0,"skipped":0,"pct":0},"statements":{"total":332,"covered":0,"skipped":0,"pct":0},"branches":{"total":1,"covered":0,"skipped":0,"pct":0}}
,"C:\\Users\\brand\\Development\\Project_Workspace\\active-development\\colombia_puzzle_game\\src\\components\\HintModal.tsx": {"lines":{"total":906,"covered":0,"skipped":0,"pct":0},"functions":{"total":1,"covered":0,"skipped":0,"pct":0},"statements":{"total":906,"covered":0,"skipped":0,"pct":0},"branches":{"total":1,"covered":0,"skipped":0,"pct":0}}
,"C:\\Users\\brand\\Development\\Project_Workspace\\active-development\\colombia_puzzle_game\\src\\components\\HintsPanel.tsx": {"lines":{"total":145,"covered":0,"skipped":0,"pct":0},"functions":{"total":1,"covered":0,"skipped":0,"pct":0},"statements":{"total":145,"covered":0,"skipped":0,"pct":0},"branches":{"total":1,"covered":0,"skipped":0,"pct":0}}
,"C:\\Users\\brand\\Development\\Project_Workspace\\active-development\\colombia_puzzle_game\\src\\components\\InteractiveTutorial.tsx": {"lines":{"total":422,"covered":0,"skipped":0,"pct":0},"functions":{"total":1,"covered":0,"skipped":0,"pct":0},"statements":{"total":422,"covered":0,"skipped":0,"pct":0},"branches":{"total":1,"covered":0,"skipped":0,"pct":0}}
,"C:\\Users\\brand\\Development\\Project_Workspace\\active-development\\colombia_puzzle_game\\src\\components\\KeyboardCursor.tsx": {"lines":{"total":189,"covered":0,"skipped":0,"pct":0},"functions":{"total":1,"covered":0,"skipped":0,"pct":0},"statements":{"total":189,"covered":0,"skipped":0,"pct":0},"branches":{"total":1,"covered":0,"skipped":0,"pct":0}}
,"C:\\Users\\brand\\Development\\Project_Workspace\\active-development\\colombia_puzzle_game\\src\\components\\KeyboardHelp.tsx": {"lines":{"total":169,"covered":0,"skipped":0,"pct":0},"functions":{"total":1,"covered":0,"skipped":0,"pct":0},"statements":{"total":169,"covered":0,"skipped":0,"pct":0},"branches":{"total":1,"covered":0,"skipped":0,"pct":0}}
,"C:\\Users\\brand\\Development\\Project_Workspace\\active-development\\colombia_puzzle_game\\src\\components\\KeyboardVisualFeedback.tsx": {"lines":{"total":239,"covered":0,"skipped":0,"pct":0},"functions":{"total":1,"covered":0,"skipped":0,"pct":0},"statements":{"total":239,"covered":0,"skipped":0,"pct":0},"branches":{"total":1,"covered":0,"skipped":0,"pct":0}}
,"C:\\Users\\brand\\Development\\Project_Workspace\\active-development\\colombia_puzzle_game\\src\\components\\MapCanvas.tsx": {"lines":{"total":10,"covered":10,"skipped":0,"pct":100},"functions":{"total":1,"covered":1,"skipped":0,"pct":100},"statements":{"total":10,"covered":10,"skipped":0,"pct":100},"branches":{"total":1,"covered":1,"skipped":0,"pct":100}}
,"C:\\Users\\brand\\Development\\Project_Workspace\\active-development\\colombia_puzzle_game\\src\\components\\MapErrorBoundary.tsx": {"lines":{"total":235,"covered":0,"skipped":0,"pct":0},"functions":{"total":1,"covered":0,"skipped":0,"pct":0},"statements":{"total":235,"covered":0,"skipped":0,"pct":0},"branches":{"total":1,"covered":0,"skipped":0,"pct":0}}
,"C:\\Users\\brand\\Development\\Project_Workspace\\active-development\\colombia_puzzle_game\\src\\components\\MiniDepartmentShape.tsx": {"lines":{"total":152,"covered":0,"skipped":0,"pct":0},"functions":{"total":1,"covered":0,"skipped":0,"pct":0},"statements":{"total":152,"covered":0,"skipped":0,"pct":0},"branches":{"total":1,"covered":0,"skipped":0,"pct":0}}
,"C:\\Users\\brand\\Development\\Project_Workspace\\active-development\\colombia_puzzle_game\\src\\components\\MobileBanner.tsx": {"lines":{"total":128,"covered":0,"skipped":0,"pct":0},"functions":{"total":1,"covered":0,"skipped":0,"pct":0},"statements":{"total":128,"covered":0,"skipped":0,"pct":0},"branches":{"total":1,"covered":0,"skipped":0,"pct":0}}
,"C:\\Users\\brand\\Development\\Project_Workspace\\active-development\\colombia_puzzle_game\\src\\components\\ModeTransition.tsx": {"lines":{"total":246,"covered":0,"skipped":0,"pct":0},"functions":{"total":1,"covered":0,"skipped":0,"pct":0},"statements":{"total":246,"covered":0,"skipped":0,"pct":0},"branches":{"total":1,"covered":0,"skipped":0,"pct":0}}
,"C:\\Users\\brand\\Development\\Project_Workspace\\active-development\\colombia_puzzle_game\\src\\components\\ModernGameHeader.tsx": {"lines":{"total":267,"covered":0,"skipped":0,"pct":0},"functions":{"total":1,"covered":0,"skipped":0,"pct":0},"statements":{"total":267,"covered":0,"skipped":0,"pct":0},"branches":{"total":1,"covered":0,"skipped":0,"pct":0}}
,"C:\\Users\\brand\\Development\\Project_Workspace\\active-development\\colombia_puzzle_game\\src\\components\\NextChallengeRecommender.tsx": {"lines":{"total":188,"covered":0,"skipped":0,"pct":0},"functions":{"total":1,"covered":0,"skipped":0,"pct":0},"statements":{"total":188,"covered":0,"skipped":0,"pct":0},"branches":{"total":1,"covered":0,"skipped":0,"pct":0}}
,"C:\\Users\\brand\\Development\\Project_Workspace\\active-development\\colombia_puzzle_game\\src\\components\\OptimizedColombiaMap.tsx": {"lines":{"total":558,"covered":0,"skipped":0,"pct":0},"functions":{"total":1,"covered":0,"skipped":0,"pct":0},"statements":{"total":558,"covered":0,"skipped":0,"pct":0},"branches":{"total":1,"covered":0,"skipped":0,"pct":0}}
,"C:\\Users\\brand\\Development\\Project_Workspace\\active-development\\colombia_puzzle_game\\src\\components\\PlacementFeedback.tsx": {"lines":{"total":72,"covered":0,"skipped":0,"pct":0},"functions":{"total":1,"covered":0,"skipped":0,"pct":0},"statements":{"total":72,"covered":0,"skipped":0,"pct":0},"branches":{"total":1,"covered":0,"skipped":0,"pct":0}}
,"C:\\Users\\brand\\Development\\Project_Workspace\\active-development\\colombia_puzzle_game\\src\\components\\PostGameReport.tsx": {"lines":{"total":328,"covered":0,"skipped":0,"pct":0},"functions":{"total":1,"covered":0,"skipped":0,"pct":0},"statements":{"total":328,"covered":0,"skipped":0,"pct":0},"branches":{"total":1,"covered":0,"skipped":0,"pct":0}}
,"C:\\Users\\brand\\Development\\Project_Workspace\\active-development\\colombia_puzzle_game\\src\\components\\ScreenReaderAnnouncements.tsx": {"lines":{"total":130,"covered":0,"skipped":0,"pct":0},"functions":{"total":1,"covered":0,"skipped":0,"pct":0},"statements":{"total":130,"covered":0,"skipped":0,"pct":0},"branches":{"total":1,"covered":0,"skipped":0,"pct":0}}
,"C:\\Users\\brand\\Development\\Project_Workspace\\active-development\\colombia_puzzle_game\\src\\components\\ScrollIndicator.tsx": {"lines":{"total":94,"covered":0,"skipped":0,"pct":0},"functions":{"total":1,"covered":0,"skipped":0,"pct":0},"statements":{"total":94,"covered":0,"skipped":0,"pct":0},"branches":{"total":1,"covered":0,"skipped":0,"pct":0}}
,"C:\\Users\\brand\\Development\\Project_Workspace\\active-development\\colombia_puzzle_game\\src\\components\\StudyMode.tsx": {"lines":{"total":838,"covered":0,"skipped":0,"pct":0},"functions":{"total":1,"covered":0,"skipped":0,"pct":0},"statements":{"total":838,"covered":0,"skipped":0,"pct":0},"branches":{"total":1,"covered":0,"skipped":0,"pct":0}}
,"C:\\Users\\brand\\Development\\Project_Workspace\\active-development\\colombia_puzzle_game\\src\\components\\StudyModeMap.tsx": {"lines":{"total":415,"covered":0,"skipped":0,"pct":0},"functions":{"total":1,"covered":0,"skipped":0,"pct":0},"statements":{"total":415,"covered":0,"skipped":0,"pct":0},"branches":{"total":1,"covered":0,"skipped":0,"pct":0}}
,"C:\\Users\\brand\\Development\\Project_Workspace\\active-development\\colombia_puzzle_game\\src\\constants\\accessibleColors.ts": {"lines":{"total":301,"covered":0,"skipped":0,"pct":0},"functions":{"total":1,"covered":0,"skipped":0,"pct":0},"statements":{"total":301,"covered":0,"skipped":0,"pct":0},"branches":{"total":1,"covered":0,"skipped":0,"pct":0}}
,"C:\\Users\\brand\\Development\\Project_Workspace\\active-development\\colombia_puzzle_game\\src\\constants\\accessibleColorsFixed.ts": {"lines":{"total":275,"covered":0,"skipped":0,"pct":0},"functions":{"total":1,"covered":0,"skipped":0,"pct":0},"statements":{"total":275,"covered":0,"skipped":0,"pct":0},"branches":{"total":1,"covered":0,"skipped":0,"pct":0}}
,"C:\\Users\\brand\\Development\\Project_Workspace\\active-development\\colombia_puzzle_game\\src\\constants\\designSystem.ts": {"lines":{"total":342,"covered":0,"skipped":0,"pct":0},"functions":{"total":1,"covered":0,"skipped":0,"pct":0},"statements":{"total":342,"covered":0,"skipped":0,"pct":0},"branches":{"total":1,"covered":0,"skipped":0,"pct":0}}
,"C:\\Users\\brand\\Development\\Project_Workspace\\active-development\\colombia_puzzle_game\\src\\constants\\gameConstants.ts": {"lines":{"total":98,"covered":0,"skipped":0,"pct":0},"functions":{"total":1,"covered":0,"skipped":0,"pct":0},"statements":{"total":98,"covered":0,"skipped":0,"pct":0},"branches":{"total":1,"covered":0,"skipped":0,"pct":0}}
,"C:\\Users\\brand\\Development\\Project_Workspace\\active-development\\colombia_puzzle_game\\src\\constants\\modernAccessibleColors.ts": {"lines":{"total":309,"covered":0,"skipped":0,"pct":0},"functions":{"total":1,"covered":0,"skipped":0,"pct":0},"statements":{"total":309,"covered":0,"skipped":0,"pct":0},"branches":{"total":1,"covered":0,"skipped":0,"pct":0}}
,"C:\\Users\\brand\\Development\\Project_Workspace\\active-development\\colombia_puzzle_game\\src\\constants\\regionColors.ts": {"lines":{"total":100,"covered":0,"skipped":0,"pct":0},"functions":{"total":1,"covered":0,"skipped":0,"pct":0},"statements":{"total":100,"covered":0,"skipped":0,"pct":0},"branches":{"total":1,"covered":0,"skipped":0,"pct":0}}
,"C:\\Users\\brand\\Development\\Project_Workspace\\active-development\\colombia_puzzle_game\\src\\context\\AccessibilityContext.tsx": {"lines":{"total":89,"covered":0,"skipped":0,"pct":0},"functions":{"total":1,"covered":0,"skipped":0,"pct":0},"statements":{"total":89,"covered":0,"skipped":0,"pct":0},"branches":{"total":1,"covered":0,"skipped":0,"pct":0}}
,"C:\\Users\\brand\\Development\\Project_Workspace\\active-development\\colombia_puzzle_game\\src\\context\\GameContext.tsx": {"lines":{"total":281,"covered":0,"skipped":0,"pct":0},"functions":{"total":1,"covered":0,"skipped":0,"pct":0},"statements":{"total":281,"covered":0,"skipped":0,"pct":0},"branches":{"total":1,"covered":0,"skipped":0,"pct":0}}
,"C:\\Users\\brand\\Development\\Project_Workspace\\active-development\\colombia_puzzle_game\\src\\data\\colombiaDepartments.ts": {"lines":{"total":346,"covered":346,"skipped":0,"pct":100},"functions":{"total":0,"covered":0,"skipped":0,"pct":100},"statements":{"total":346,"covered":346,"skipped":0,"pct":100},"branches":{"total":0,"covered":0,"skipped":0,"pct":100}}
,"C:\\Users\\brand\\Development\\Project_Workspace\\active-development\\colombia_puzzle_game\\src\\data\\departmentEducation.ts": {"lines":{"total":572,"covered":0,"skipped":0,"pct":0},"functions":{"total":1,"covered":0,"skipped":0,"pct":0},"statements":{"total":572,"covered":0,"skipped":0,"pct":0},"branches":{"total":1,"covered":0,"skipped":0,"pct":0}}
,"C:\\Users\\brand\\Development\\Project_Workspace\\active-development\\colombia_puzzle_game\\src\\data\\memoryAids.ts": {"lines":{"total":274,"covered":0,"skipped":0,"pct":0},"functions":{"total":1,"covered":0,"skipped":0,"pct":0},"statements":{"total":274,"covered":0,"skipped":0,"pct":0},"branches":{"total":1,"covered":0,"skipped":0,"pct":0}}
,"C:\\Users\\brand\\Development\\Project_Workspace\\active-development\\colombia_puzzle_game\\src\\data\\regionalContent.ts": {"lines":{"total":899,"covered":0,"skipped":0,"pct":0},"functions":{"total":1,"covered":0,"skipped":0,"pct":0},"statements":{"total":899,"covered":0,"skipped":0,"pct":0},"branches":{"total":1,"covered":0,"skipped":0,"pct":0}}
,"C:\\Users\\brand\\Development\\Project_Workspace\\active-development\\colombia_puzzle_game\\src\\data\\regionalNarratives.ts": {"lines":{"total":187,"covered":0,"skipped":0,"pct":0},"functions":{"total":1,"covered":0,"skipped":0,"pct":0},"statements":{"total":187,"covered":0,"skipped":0,"pct":0},"branches":{"total":1,"covered":0,"skipped":0,"pct":0}}
,"C:\\Users\\brand\\Development\\Project_Workspace\\active-development\\colombia_puzzle_game\\src\\design-system\\index.ts": {"lines":{"total":13,"covered":13,"skipped":0,"pct":100},"functions":{"total":0,"covered":0,"skipped":0,"pct":100},"statements":{"total":13,"covered":13,"skipped":0,"pct":100},"branches":{"total":0,"covered":0,"skipped":0,"pct":100}}
,"C:\\Users\\brand\\Development\\Project_Workspace\\active-development\\colombia_puzzle_game\\src\\design-system\\components\\Badge.tsx": {"lines":{"total":55,"covered":33,"skipped":0,"pct":60},"functions":{"total":0,"covered":0,"skipped":0,"pct":100},"statements":{"total":55,"covered":33,"skipped":0,"pct":60},"branches":{"total":0,"covered":0,"skipped":0,"pct":100}}
,"C:\\Users\\brand\\Development\\Project_Workspace\\active-development\\colombia_puzzle_game\\src\\design-system\\components\\Button.tsx": {"lines":{"total":156,"covered":156,"skipped":0,"pct":100},"functions":{"total":0,"covered":0,"skipped":0,"pct":100},"statements":{"total":156,"covered":156,"skipped":0,"pct":100},"branches":{"total":21,"covered":14,"skipped":0,"pct":66.66}}
,"C:\\Users\\brand\\Development\\Project_Workspace\\active-development\\colombia_puzzle_game\\src\\design-system\\components\\Card.tsx": {"lines":{"total":143,"covered":143,"skipped":0,"pct":100},"functions":{"total":0,"covered":0,"skipped":0,"pct":100},"statements":{"total":143,"covered":143,"skipped":0,"pct":100},"branches":{"total":7,"covered":7,"skipped":0,"pct":100}}
,"C:\\Users\\brand\\Development\\Project_Workspace\\active-development\\colombia_puzzle_game\\src\\design-system\\components\\Input.tsx": {"lines":{"total":76,"covered":21,"skipped":0,"pct":27.63},"functions":{"total":0,"covered":0,"skipped":0,"pct":100},"statements":{"total":76,"covered":21,"skipped":0,"pct":27.63},"branches":{"total":0,"covered":0,"skipped":0,"pct":100}}
,"C:\\Users\\brand\\Development\\Project_Workspace\\active-development\\colombia_puzzle_game\\src\\design-system\\components\\Modal.tsx": {"lines":{"total":131,"covered":131,"skipped":0,"pct":100},"functions":{"total":3,"covered":3,"skipped":0,"pct":100},"statements":{"total":131,"covered":131,"skipped":0,"pct":100},"branches":{"total":20,"covered":20,"skipped":0,"pct":100}}
,"C:\\Users\\brand\\Development\\Project_Workspace\\active-development\\colombia_puzzle_game\\src\\design-system\\components\\Progress.tsx": {"lines":{"total":78,"covered":36,"skipped":0,"pct":46.15},"functions":{"total":0,"covered":0,"skipped":0,"pct":100},"statements":{"total":78,"covered":36,"skipped":0,"pct":46.15},"branches":{"total":0,"covered":0,"skipped":0,"pct":100}}
,"C:\\Users\\brand\\Development\\Project_Workspace\\active-development\\colombia_puzzle_game\\src\\design-system\\components\\index.ts": {"lines":{"total":28,"covered":28,"skipped":0,"pct":100},"functions":{"total":0,"covered":0,"skipped":0,"pct":100},"statements":{"total":28,"covered":28,"skipped":0,"pct":100},"branches":{"total":0,"covered":0,"skipped":0,"pct":100}}
,"C:\\Users\\brand\\Development\\Project_Workspace\\active-development\\colombia_puzzle_game\\src\\design-system\\tokens\\colors.ts": {"lines":{"total":117,"covered":117,"skipped":0,"pct":100},"functions":{"total":0,"covered":0,"skipped":0,"pct":100},"statements":{"total":117,"covered":117,"skipped":0,"pct":100},"branches":{"total":0,"covered":0,"skipped":0,"pct":100}}
,"C:\\Users\\brand\\Development\\Project_Workspace\\active-development\\colombia_puzzle_game\\src\\design-system\\tokens\\index.ts": {"lines":{"total":16,"covered":16,"skipped":0,"pct":100},"functions":{"total":0,"covered":0,"skipped":0,"pct":100},"statements":{"total":16,"covered":16,"skipped":0,"pct":100},"branches":{"total":0,"covered":0,"skipped":0,"pct":100}}
,"C:\\Users\\brand\\Development\\Project_Workspace\\active-development\\colombia_puzzle_game\\src\\design-system\\tokens\\radius.ts": {"lines":{"total":59,"covered":59,"skipped":0,"pct":100},"functions":{"total":0,"covered":0,"skipped":0,"pct":100},"statements":{"total":59,"covered":59,"skipped":0,"pct":100},"branches":{"total":0,"covered":0,"skipped":0,"pct":100}}
,"C:\\Users\\brand\\Development\\Project_Workspace\\active-development\\colombia_puzzle_game\\src\\design-system\\tokens\\shadows.ts": {"lines":{"total":58,"covered":58,"skipped":0,"pct":100},"functions":{"total":0,"covered":0,"skipped":0,"pct":100},"statements":{"total":58,"covered":58,"skipped":0,"pct":100},"branches":{"total":0,"covered":0,"skipped":0,"pct":100}}
,"C:\\Users\\brand\\Development\\Project_Workspace\\active-development\\colombia_puzzle_game\\src\\design-system\\tokens\\spacing.ts": {"lines":{"total":105,"covered":105,"skipped":0,"pct":100},"functions":{"total":0,"covered":0,"skipped":0,"pct":100},"statements":{"total":105,"covered":105,"skipped":0,"pct":100},"branches":{"total":0,"covered":0,"skipped":0,"pct":100}}
,"C:\\Users\\brand\\Development\\Project_Workspace\\active-development\\colombia_puzzle_game\\src\\design-system\\tokens\\typography.ts": {"lines":{"total":162,"covered":162,"skipped":0,"pct":100},"functions":{"total":0,"covered":0,"skipped":0,"pct":100},"statements":{"total":162,"covered":162,"skipped":0,"pct":100},"branches":{"total":0,"covered":0,"skipped":0,"pct":100}}
,"C:\\Users\\brand\\Development\\Project_Workspace\\active-development\\colombia_puzzle_game\\src\\design-system\\utils\\cn.ts": {"lines":{"total":15,"covered":15,"skipped":0,"pct":100},"functions":{"total":2,"covered":2,"skipped":0,"pct":100},"statements":{"total":15,"covered":15,"skipped":0,"pct":100},"branches":{"total":2,"covered":2,"skipped":0,"pct":100}}
,"C:\\Users\\brand\\Development\\Project_Workspace\\active-development\\colombia_puzzle_game\\src\\hooks\\useEnhancedKeyboardNavigation.ts": {"lines":{"total":501,"covered":0,"skipped":0,"pct":0},"functions":{"total":1,"covered":0,"skipped":0,"pct":0},"statements":{"total":501,"covered":0,"skipped":0,"pct":0},"branches":{"total":1,"covered":0,"skipped":0,"pct":0}}
,"C:\\Users\\brand\\Development\\Project_Workspace\\active-development\\colombia_puzzle_game\\src\\hooks\\useGameTimer.ts": {"lines":{"total":110,"covered":107,"skipped":0,"pct":97.27},"functions":{"total":1,"covered":1,"skipped":0,"pct":100},"statements":{"total":110,"covered":107,"skipped":0,"pct":97.27},"branches":{"total":18,"covered":17,"skipped":0,"pct":94.44}}
,"C:\\Users\\brand\\Development\\Project_Workspace\\active-development\\colombia_puzzle_game\\src\\hooks\\useKeyboardNavigation.ts": {"lines":{"total":284,"covered":0,"skipped":0,"pct":0},"functions":{"total":1,"covered":0,"skipped":0,"pct":0},"statements":{"total":284,"covered":0,"skipped":0,"pct":0},"branches":{"total":1,"covered":0,"skipped":0,"pct":0}}
,"C:\\Users\\brand\\Development\\Project_Workspace\\active-development\\colombia_puzzle_game\\src\\hooks\\useModalManager.ts": {"lines":{"total":46,"covered":46,"skipped":0,"pct":100},"functions":{"total":1,"covered":1,"skipped":0,"pct":100},"statements":{"total":46,"covered":46,"skipped":0,"pct":100},"branches":{"total":10,"covered":10,"skipped":0,"pct":100}}
,"C:\\Users\\brand\\Development\\Project_Workspace\\active-development\\colombia_puzzle_game\\src\\hooks\\useProgressiveHints.ts": {"lines":{"total":97,"covered":97,"skipped":0,"pct":100},"functions":{"total":1,"covered":1,"skipped":0,"pct":100},"statements":{"total":97,"covered":97,"skipped":0,"pct":100},"branches":{"total":23,"covered":23,"skipped":0,"pct":100}}
,"C:\\Users\\brand\\Development\\Project_Workspace\\active-development\\colombia_puzzle_game\\src\\hooks\\useStudyMode.ts": {"lines":{"total":339,"covered":0,"skipped":0,"pct":0},"functions":{"total":1,"covered":0,"skipped":0,"pct":0},"statements":{"total":339,"covered":0,"skipped":0,"pct":0},"branches":{"total":1,"covered":0,"skipped":0,"pct":0}}
,"C:\\Users\\brand\\Development\\Project_Workspace\\active-development\\colombia_puzzle_game\\src\\i18n\\TranslationContext.tsx": {"lines":{"total":220,"covered":0,"skipped":0,"pct":0},"functions":{"total":1,"covered":0,"skipped":0,"pct":0},"statements":{"total":220,"covered":0,"skipped":0,"pct":0},"branches":{"total":1,"covered":0,"skipped":0,"pct":0}}
,"C:\\Users\\brand\\Development\\Project_Workspace\\active-development\\colombia_puzzle_game\\src\\i18n\\cultural.ts": {"lines":{"total":387,"covered":0,"skipped":0,"pct":0},"functions":{"total":1,"covered":0,"skipped":0,"pct":0},"statements":{"total":387,"covered":0,"skipped":0,"pct":0},"branches":{"total":1,"covered":0,"skipped":0,"pct":0}}
,"C:\\Users\\brand\\Development\\Project_Workspace\\active-development\\colombia_puzzle_game\\src\\i18n\\index.ts": {"lines":{"total":75,"covered":0,"skipped":0,"pct":0},"functions":{"total":1,"covered":0,"skipped":0,"pct":0},"statements":{"total":75,"covered":0,"skipped":0,"pct":0},"branches":{"total":1,"covered":0,"skipped":0,"pct":0}}
,"C:\\Users\\brand\\Development\\Project_Workspace\\active-development\\colombia_puzzle_game\\src\\i18n\\translations.ts": {"lines":{"total":701,"covered":0,"skipped":0,"pct":0},"functions":{"total":1,"covered":0,"skipped":0,"pct":0},"statements":{"total":701,"covered":0,"skipped":0,"pct":0},"branches":{"total":1,"covered":0,"skipped":0,"pct":0}}
,"C:\\Users\\brand\\Development\\Project_Workspace\\active-development\\colombia_puzzle_game\\src\\i18n\\types.ts": {"lines":{"total":214,"covered":0,"skipped":0,"pct":0},"functions":{"total":1,"covered":0,"skipped":0,"pct":0},"statements":{"total":214,"covered":0,"skipped":0,"pct":0},"branches":{"total":1,"covered":0,"skipped":0,"pct":0}}
,"C:\\Users\\brand\\Development\\Project_Workspace\\active-development\\colombia_puzzle_game\\src\\services\\keyboardManager.ts": {"lines":{"total":138,"covered":95,"skipped":0,"pct":68.84},"functions":{"total":9,"covered":7,"skipped":0,"pct":77.77},"statements":{"total":138,"covered":95,"skipped":0,"pct":68.84},"branches":{"total":8,"covered":8,"skipped":0,"pct":100}}
,"C:\\Users\\brand\\Development\\Project_Workspace\\active-development\\colombia_puzzle_game\\src\\services\\soundManager.ts": {"lines":{"total":352,"covered":0,"skipped":0,"pct":0},"functions":{"total":1,"covered":0,"skipped":0,"pct":0},"statements":{"total":352,"covered":0,"skipped":0,"pct":0},"branches":{"total":1,"covered":0,"skipped":0,"pct":0}}
,"C:\\Users\\brand\\Development\\Project_Workspace\\active-development\\colombia_puzzle_game\\src\\services\\storage.ts": {"lines":{"total":179,"covered":179,"skipped":0,"pct":100},"functions":{"total":12,"covered":12,"skipped":0,"pct":100},"statements":{"total":179,"covered":179,"skipped":0,"pct":100},"branches":{"total":34,"covered":33,"skipped":0,"pct":97.05}}
,"C:\\Users\\brand\\Development\\Project_Workspace\\active-development\\colombia_puzzle_game\\src\\types\\studyMode.ts": {"lines":{"total":560,"covered":0,"skipped":0,"pct":0},"functions":{"total":1,"covered":0,"skipped":0,"pct":0},"statements":{"total":560,"covered":0,"skipped":0,"pct":0},"branches":{"total":1,"covered":0,"skipped":0,"pct":0}}
,"C:\\Users\\brand\\Development\\Project_Workspace\\active-development\\colombia_puzzle_game\\src\\utils\\nameNormalizer.ts": {"lines":{"total":50,"covered":50,"skipped":0,"pct":100},"functions":{"total":1,"covered":1,"skipped":0,"pct":100},"statements":{"total":50,"covered":50,"skipped":0,"pct":100},"branches":{"total":3,"covered":3,"skipped":0,"pct":100}}
}
